0 info it worked if it ends with ok
1 verbose cli [ '/Users/tannerlinsley/.nvm/versions/node/v6.3.1/bin/node',
1 verbose cli   '/Users/tannerlinsley/.nvm/versions/node/v6.3.1/bin/npm',
1 verbose cli   'version',
1 verbose cli   'patch' ]
2 info using npm@3.10.3
3 info using node@v6.3.1
4 info git [ 'status', '--porcelain' ]
5 verbose stack Error: Git working directory not clean.
5 verbose stack M example/dist/app.css
5 verbose stack M example/dist/app.js
5 verbose stack M example/src/app.styl
5 verbose stack M example/src/screens/simple.js
5 verbose stack M src/formInputs/form.js
5 verbose stack M src/formInputs/select.js
5 verbose stack     at /Users/tannerlinsley/.nvm/versions/node/v6.3.1/lib/node_modules/npm/lib/version.js:247:19
5 verbose stack     at /Users/tannerlinsley/.nvm/versions/node/v6.3.1/lib/node_modules/npm/lib/utils/no-progress-while-running.js:21:8
5 verbose stack     at ChildProcess.exithandler (child_process.js:193:7)
5 verbose stack     at emitTwo (events.js:106:13)
5 verbose stack     at ChildProcess.emit (events.js:191:7)
5 verbose stack     at maybeClose (internal/child_process.js:852:16)
5 verbose stack     at Socket.<anonymous> (internal/child_process.js:323:11)
5 verbose stack     at emitOne (events.js:96:13)
5 verbose stack     at Socket.emit (events.js:188:7)
5 verbose stack     at Pipe._handle.close [as _onclose] (net.js:492:12)
6 verbose cwd /Users/tannerlinsley/Github/react-form
7 error Darwin 16.1.0
8 error argv "/Users/tannerlinsley/.nvm/versions/node/v6.3.1/bin/node" "/Users/tannerlinsley/.nvm/versions/node/v6.3.1/bin/npm" "version" "patch"
9 error node v6.3.1
10 error npm  v3.10.3
11 error Git working directory not clean.
11 error M example/dist/app.css
11 error M example/dist/app.js
11 error M example/src/app.styl
11 error M example/src/screens/simple.js
11 error M src/formInputs/form.js
11 error M src/formInputs/select.js
12 error If you need help, you may report this error at:
12 error     <https://github.com/npm/npm/issues>
13 verbose exit [ 1, true ]
